#At	time	x	process	y	state	arr	w	total	z	remain	y	wait	k
At	time	1	process	1	started	arr	1	total	10	remain	10	wait	0
At	time	2	process	1	started	arr	1	total	10	remain	9	wait	0
At	time	3	process	1	started	arr	1	total	10	remain	8	wait	0
At	time	3	process	1	stopped	arr	1	total	10	remain	8	wait	0
At	time	3	process	2	started	arr	1	total	2	remain	2	wait	2
At	time	4	process	2	started	arr	1	total	2	remain	1	wait	2
At	time	5	process	2	started	arr	1	total	2	remain	0	wait	2
At	time	5	process	2	finished	arr	1	total	2	remain	0	wait	2	TA	4	WTA	2.00
At	time	5	process	3	started	arr	1	total	4	remain	4	wait	4
At	time	6	process	3	started	arr	1	total	4	remain	3	wait	4
At	time	7	process	3	started	arr	1	total	4	remain	2	wait	4
At	time	7	process	3	stopped	arr	1	total	4	remain	2	wait	4
At	time	7	process	4	started	arr	1	total	5	remain	5	wait	6
At	time	8	process	4	started	arr	1	total	5	remain	4	wait	6
At	time	9	process	4	started	arr	1	total	5	remain	3	wait	6
At	time	9	process	4	stopped	arr	1	total	5	remain	3	wait	6
At	time	9	process	5	started	arr	1	total	4	remain	4	wait	8
At	time	10	process	5	started	arr	1	total	4	remain	3	wait	8
At	time	11	process	5	started	arr	1	total	4	remain	2	wait	8
At	time	11	process	5	stopped	arr	1	total	4	remain	2	wait	8
At	time	11	process	6	started	arr	1	total	7	remain	7	wait	10
At	time	12	process	6	started	arr	1	total	7	remain	6	wait	10
At	time	13	process	6	started	arr	1	total	7	remain	5	wait	10
At	time	13	process	6	stopped	arr	1	total	7	remain	5	wait	10
At	time	13	process	7	started	arr	1	total	2	remain	2	wait	12
At	time	14	process	7	started	arr	1	total	2	remain	1	wait	12
At	time	15	process	7	started	arr	1	total	2	remain	0	wait	12
At	time	15	process	7	finished	arr	1	total	2	remain	0	wait	12	TA	14	WTA	7.00
At	time	15	process	8	started	arr	2	total	2	remain	2	wait	13
At	time	16	process	8	started	arr	2	total	2	remain	1	wait	13
At	time	17	process	8	started	arr	2	total	2	remain	0	wait	13
At	time	17	process	8	finished	arr	2	total	2	remain	0	wait	13	TA	15	WTA	7.50
At	time	17	process	9	started	arr	3	total	5	remain	5	wait	14
At	time	18	process	9	started	arr	3	total	5	remain	4	wait	14
At	time	19	process	9	started	arr	3	total	5	remain	3	wait	14
At	time	19	process	9	stopped	arr	3	total	5	remain	3	wait	14
At	time	19	process	10	started	arr	3	total	2	remain	2	wait	16
At	time	20	process	10	started	arr	3	total	2	remain	1	wait	16
At	time	21	process	10	started	arr	3	total	2	remain	0	wait	16
At	time	21	process	10	finished	arr	3	total	2	remain	0	wait	16	TA	18	WTA	9.00
At	time	21	process	1	resumed	arr	1	total	10	remain	8	wait	0
At	time	22	process	1	resumed	arr	1	total	10	remain	7	wait	0
At	time	23	process	1	resumed	arr	1	total	10	remain	6	wait	0
At	time	23	process	1	stopped	arr	1	total	10	remain	6	wait	0
At	time	23	process	3	resumed	arr	1	total	4	remain	2	wait	4
At	time	24	process	3	resumed	arr	1	total	4	remain	1	wait	4
At	time	25	process	3	resumed	arr	1	total	4	remain	0	wait	4
At	time	25	process	3	finished	arr	1	total	4	remain	0	wait	4	TA	24	WTA	6.00
At	time	25	process	4	resumed	arr	1	total	5	remain	3	wait	6
At	time	26	process	4	resumed	arr	1	total	5	remain	2	wait	6
At	time	27	process	4	resumed	arr	1	total	5	remain	1	wait	6
At	time	27	process	4	stopped	arr	1	total	5	remain	1	wait	6
At	time	27	process	5	resumed	arr	1	total	4	remain	2	wait	8
At	time	28	process	5	resumed	arr	1	total	4	remain	1	wait	8
At	time	29	process	5	resumed	arr	1	total	4	remain	0	wait	8
At	time	29	process	5	finished	arr	1	total	4	remain	0	wait	8	TA	28	WTA	7.00
At	time	29	process	6	resumed	arr	1	total	7	remain	5	wait	10
At	time	30	process	6	resumed	arr	1	total	7	remain	4	wait	10
At	time	31	process	6	resumed	arr	1	total	7	remain	3	wait	10
At	time	31	process	6	stopped	arr	1	total	7	remain	3	wait	10
At	time	31	process	9	resumed	arr	3	total	5	remain	3	wait	14
At	time	32	process	9	resumed	arr	3	total	5	remain	2	wait	14
At	time	33	process	9	resumed	arr	3	total	5	remain	1	wait	14
At	time	33	process	9	stopped	arr	3	total	5	remain	1	wait	14
At	time	33	process	1	resumed	arr	1	total	10	remain	6	wait	0
At	time	34	process	1	resumed	arr	1	total	10	remain	5	wait	0
At	time	35	process	1	resumed	arr	1	total	10	remain	4	wait	0
At	time	35	process	1	stopped	arr	1	total	10	remain	4	wait	0
At	time	35	process	4	resumed	arr	1	total	5	remain	1	wait	6
At	time	36	process	4	resumed	arr	1	total	5	remain	0	wait	6
At	time	36	process	4	finished	arr	1	total	5	remain	0	wait	6	TA	35	WTA	7.00
At	time	36	process	6	resumed	arr	1	total	7	remain	3	wait	10
At	time	37	process	6	resumed	arr	1	total	7	remain	2	wait	10
At	time	38	process	6	resumed	arr	1	total	7	remain	1	wait	10
At	time	38	process	6	stopped	arr	1	total	7	remain	1	wait	10
At	time	38	process	9	resumed	arr	3	total	5	remain	1	wait	14
At	time	39	process	9	resumed	arr	3	total	5	remain	0	wait	14
At	time	39	process	9	finished	arr	3	total	5	remain	0	wait	14	TA	36	WTA	7.20
At	time	39	process	1	resumed	arr	1	total	10	remain	4	wait	0
At	time	40	process	1	resumed	arr	1	total	10	remain	3	wait	0
At	time	41	process	1	resumed	arr	1	total	10	remain	2	wait	0
At	time	41	process	1	stopped	arr	1	total	10	remain	2	wait	0
At	time	41	process	6	resumed	arr	1	total	7	remain	1	wait	10
At	time	42	process	6	resumed	arr	1	total	7	remain	0	wait	10
At	time	42	process	6	finished	arr	1	total	7	remain	0	wait	10	TA	41	WTA	5.86
At	time	42	process	1	resumed	arr	1	total	10	remain	2	wait	0
At	time	43	process	1	resumed	arr	1	total	10	remain	1	wait	0
At	time	44	process	1	resumed	arr	1	total	10	remain	0	wait	0
At	time	44	process	1	finished	arr	1	total	10	remain	0	wait	0	TA	43	WTA	4.30
